<?xml version="1.0" encoding="UTF-8"?>
<testsuite name="MiddleManTest" tests="2" skipped="0" failures="0" errors="0" timestamp="2024-03-16T21:49:44" hostname="LAPTOP-PANUHIN" time="8.003">
  <properties/>
  <testcase name="testMethodCallExists()" classname="MiddleManTest" time="7.651"/>
  <testcase name="testMiddleManClassRemoved()" classname="MiddleManTest" time="0.348"/>
  <system-out><![CDATA[]]></system-out>
  <system-err><![CDATA[]]></system-err>
</testsuite>
