<?xml version="1.0" encoding="UTF-8"?>
<testsuite name="ExtractingTest" tests="1" skipped="0" failures="0" errors="0" timestamp="2024-03-16T21:34:17" hostname="LAPTOP-PANUHIN" time="17.737">
  <properties/>
  <testcase name="testExtractedFunction()" classname="ExtractingTest" time="17.737"/>
  <system-out><![CDATA[]]></system-out>
  <system-err><![CDATA[]]></system-err>
</testsuite>
