<?xml version="1.0" encoding="UTF-8"?>
<testsuite name="ReformatCodeWithoutIDETest" tests="1" skipped="0" failures="0" errors="0" timestamp="2024-03-16T21:00:34" hostname="LAPTOP-PANUHIN" time="23.32">
  <properties/>
  <testcase name="testSolutionIsFormatted()" classname="ReformatCodeWithoutIDETest" time="23.32"/>
  <system-out><![CDATA[]]></system-out>
  <system-err><![CDATA[]]></system-err>
</testsuite>
