<?xml version="1.0" encoding="UTF-8"?>
<testsuite name="InliningTest" tests="2" skipped="0" failures="0" errors="0" timestamp="2024-03-16T21:46:10" hostname="LAPTOP-PANUHIN" time="15.336">
  <properties/>
  <testcase name="testExpressionCallIsReplacedByItsBody()" classname="InliningTest" time="15.031"/>
  <testcase name="testDeletedVariablesAndMethods()" classname="InliningTest" time="0.304"/>
  <system-out><![CDATA[]]></system-out>
  <system-err><![CDATA[]]></system-err>
</testsuite>
