<?xml version="1.0" encoding="UTF-8"?>
<testsuite name="ReformatCodeBasedOnEditorConfigSettingsTest" tests="1" skipped="0" failures="0" errors="0" timestamp="2024-03-16T21:09:26" hostname="LAPTOP-PANUHIN" time="16.866">
  <properties/>
  <testcase name="testSolutionIsFormattedAccordingToEditorConfigSettings()" classname="ReformatCodeBasedOnEditorConfigSettingsTest" time="16.866"/>
  <system-out><![CDATA[]]></system-out>
  <system-err><![CDATA[]]></system-err>
</testsuite>
