<?xml version="1.0" encoding="UTF-8"?>
<testsuite name="ReformatCodeTest" tests="2" skipped="0" failures="0" errors="0" timestamp="2024-03-16T21:02:34" hostname="LAPTOP-PANUHIN" time="24.255">
  <properties/>
  <testcase name="testSolutionIsFormatted()" classname="ReformatCodeTest" time="23.64"/>
  <testcase name="testUnusedImportsAreRemoved()" classname="ReformatCodeTest" time="0.612"/>
  <system-out><![CDATA[]]></system-out>
  <system-err><![CDATA[]]></system-err>
</testsuite>
