<?xml version="1.0" encoding="UTF-8"?>
<testsuite name="FactoryMethodPatternTest" tests="2" skipped="0" failures="0" errors="0" timestamp="2024-03-17T14:46:37" hostname="LAPTOP-PANUHIN" time="14.459">
  <properties/>
  <testcase name="testAddedInvocationOfGetTransportationMethodInMainMethod()" classname="FactoryMethodPatternTest" time="14.291"/>
  <testcase name="transportationServiceFactoryClassTest()" classname="FactoryMethodPatternTest" time="0.167"/>
  <system-out><![CDATA[]]></system-out>
  <system-err><![CDATA[]]></system-err>
</testsuite>
