<?xml version="1.0" encoding="UTF-8"?>
<testsuite name="FacadePatternTest" tests="1" skipped="0" failures="0" errors="0" timestamp="2024-03-17T14:28:14" hostname="LAPTOP-PANUHIN" time="7.039">
  <properties/>
  <testcase name="videoConversionFacadeClassTest()" classname="FacadePatternTest" time="7.039"/>
  <system-out><![CDATA[]]></system-out>
  <system-err><![CDATA[]]></system-err>
</testsuite>
